<?xml version="1.0" encoding="UTF-8"?>
<testng-results ignored="0" total="1" passed="1" failed="0" skipped="0">
  <reporter-output>
  </reporter-output>
  <suite started-at="2026-02-19T12:43:59 IST" name="Default suite" finished-at="2026-02-19T12:44:09 IST" duration-ms="10267">
    <groups>
    </groups>
    <test started-at="2026-02-19T12:43:59 IST" name="Default test" finished-at="2026-02-19T12:44:09 IST" duration-ms="10267">
      <class name="com.trainingCookies.demo.capabilitiesDemoTest">
        <test-method signature="localCapabilities_demo()[pri:0, instance:com.trainingCookies.demo.capabilitiesDemoTest@692f203f]" started-at="2026-02-19T12:43:59 IST" name="localCapabilities_demo" finished-at="2026-02-19T12:44:09 IST" duration-ms="10228" status="PASS">
          <reporter-output>
          </reporter-output>
        </test-method> <!-- localCapabilities_demo -->
      </class> <!-- com.trainingCookies.demo.capabilitiesDemoTest -->
    </test> <!-- Default test -->
  </suite> <!-- Default suite -->
</testng-results>
